
> jsFun@1.0.0 test /Users/michaelduke/turing/mod2-1808/jsFun
> ./node_modules/mocha/bin/mocha test/ --reporter dot --require mocha-clean



  ․․,․․․!․․,․!!!!․․!․․․!!․!!!․․․․․․․․․․․!!!!!!!!․

  26 passing (38ms)
  2 pending
  19 failing

  1) CONTEXT
       exerciseG:

      AssertionError: expected 'monopoly' to equal 'global window object'
      + expected - actual

      -monopoly
      +global window object
      
      at Context.it (test/context-test.js:37:23)

  2) PROTOTYPES
       Turing Prompts
         studentsPerInstructor:
     AssertionError: expected 'REPLACE WITH YOUR RESULT HERE' to deeply equal { Object (cohort1806, cohort1804, ...) }
      at Context.it (test/prototype-test.js:17:30)

  3) PROTOTYPES
       Turing Prompts
         modulesPerTeacher:
     AssertionError: expected 'REPLACE WITH YOUR RESULT HERE' to deeply equal { Object (Pam, Brittany, ...) }
      at Context.it (test/prototype-test.js:22:30)

  4) PROTOTYPES
       Turing Prompts
         curriculumPerTeacher:
     AssertionError: expected 'REPLACE WITH YOUR RESULT HERE' to deeply equal { Object (html, css, ...) }
      at Context.it (test/prototype-test.js:27:30)

  5) PROTOTYPES
       Club Prompts
         membersBelongingToClubs:
     AssertionError: expected { Object (Louisa, Pam, ...) } to deeply equal undefined
      at Context.it (test/prototype-test.js:35:30)

  6) PROTOTYPES
       Class Prompts
         totalCapacities:

      AssertionError: expected { feCapacity: 110, beCapacity: 96 } to deeply equal { FE: 110, BE: 96 }
      + expected - actual

       {
      -  "beCapacity": 96
      -  "feCapacity": 110
      +  "BE": 96
      +  "FE": 110
       }
      
      at Context.it (test/prototype-test.js:56:30)

  7) PROTOTYPES
       Kitty Prompts
         sortByAge:

      AssertionError: expected [ Array(4) ] to deeply equal [ Array(4) ]
      + expected - actual

       [
         {
      -    "age": 1
      -    "color": "tuxedo"
      -    "name": "Max"
      +    "age": 8
      +    "color": "orange"
      +    "name": "Snickers"
         }
         {
      +    "age": 5
      +    "color": "orange"
      +    "name": "Tiger"
      +  }
      +  {
           "age": 2
           "color": "grey"
           "name": "Felicia"
         }
         {
      -    "age": 5
      -    "color": "orange"
      -    "name": "Tiger"
      +    "age": 1
      +    "color": "tuxedo"
      +    "name": "Max"
         }
      -  {
      -    "age": 8
      -    "color": "orange"
      -    "name": "Snickers"
      -  }
       ]
      
      at Context.it (test/prototype-test.js:83:30)

  8) PROTOTYPES
       Kitty Prompts
         growUp:

      AssertionError: expected [ Array(4) ] to deeply equal [ Array(4) ]
      + expected - actual

       [
         {
      -    "age": 3
      -    "color": "tuxedo"
      -    "name": "Max"
      -  }
      -  {
           "age": 4
           "color": "grey"
           "name": "Felicia"
         }
--
           "age": 10
           "color": "orange"
           "name": "Snickers"
         }
      +  {
      +    "age": 3
      +    "color": "tuxedo"
      +    "name": "Max"
      +  }
       ]
      
      at Context.it (test/prototype-test.js:88:30)

  9) PROTOTYPES
       Astronomy Prompts
         starsInConstellations:
     AssertionError: expected 'REPLACE WITH YOUR RESULT HERE' to deeply equal [ Array(2) ]
      at Context.it (test/prototype-test.js:104:30)

  10) PROTOTYPES
       Astronomy Prompts
         starsByColor:
     AssertionError: expected 'REPLACE WITH YOUR RESULT HERE' to deeply equal { Object (blue, white, ...) }
      at Context.it (test/prototype-test.js:109:30)

  11) PROTOTYPES
       Astronomy Prompts
         constellationsStarsExistIn:
     AssertionError: expected 'REPLACE WITH YOUR RESULT HERE' to deeply equal [ Array(11) ]
      at Context.it (test/prototype-test.js:114:30)

  12) SCOPE
       exerciseG:

      AssertionError: expected [ { A: 'mango' }, { B: 'mango' } ] to deeply equal [ Array(4) ]
      + expected - actual

       [
         {
      -    "A": "mango"
      +    "A": "reference error"
         }
         {
           "B": "mango"
         }
      +  {
      +    "C": "mango"
      +  }
      +  {
      +    "D": "apple"
      +  }
       ]
      
      at Context.it (test/scope-test.js:68:28)

  13) SCOPE
       exerciseH:
     AssertionError: expected 'REPLACE WITH YOUR RESULT HERE' to deeply equal [ Array(5) ]
      at Context.it (test/scope-test.js:78:28)

  14) SCOPE
       exerciseI:
     AssertionError: expected 'REPLACE WITH YOUR RESULT HERE' to deeply equal [ Array(8) ]
      at Context.it (test/scope-test.js:89:28)

  15) SCOPE
       exerciseJ:
     AssertionError: expected 'REPLACE WITH YOUR RESULT HERE' to deeply equal [ Array(6) ]
      at Context.it (test/scope-test.js:103:28)

  16) SCOPE
       exerciseK:
     AssertionError: expected 'REPLACE WITH YOUR RESULT HERE' to deeply equal [ { A: 7 }, { B: 7 } ]
      at Context.it (test/scope-test.js:115:28)

  17) SCOPE
       exerciseL:
     AssertionError: expected 'REPLACE WITH YOUR RESULT HERE' to deeply equal [ { A: 95 }, { B: 90 }, { C: 90 } ]
      at Context.it (test/scope-test.js:123:28)

  18) SCOPE
       exerciseM:
     AssertionError: expected 'REPLACE WITH YOUR RESULT HERE' to deeply equal [ Array(4) ]
      at Context.it (test/scope-test.js:132:28)

  19) SCOPE
       exerciseN:

      AssertionError: expected [ Array(6) ] to deeply equal [ Array(6) ]
      + expected - actual

         {
           "B": "Pam"
         }
         {
      -    "C": "Lousia"
      +    "C": "Louisa"
         }
         {
           "D": "Louisa"
         }
         {
      -    "E": "Louisa"
      +    "F": "Louisa"
         }
       ]
      
      at Context.it (test/scope-test.js:142:28)



